

Version:	3.50
CmdLine:	D:\svd\Android\Java\TextApp\Eykee.exe --l4j-debug
JNI:		No
WOW64:		Yes
Working dir:	D:\svd\Android\Java\TextApp\.
Requires JDK:	No
Requires 64-Bit: No
Java min ver:	
Java max ver:	
JRE paths:	C:\Program Files\Java\jdk-19
Check launcher:	C:\Program Files\Java\jdk-19\bin\javaw.exe (OK)
Version string: 1.019.000_002 / 64-Bit (OK)
Launcher:	C:\Program Files\Java\jdk-19\bin\javaw.exe
Launcher args:	-jar "D:\svd\Android\Java\TextApp\Eykee.exe"
Args length:	44/32768 chars
Exit code:	0


Version:	3.50
CmdLine:	D:\svd\Android\Java\TextApp\Eykee.exe --l4j-debug
JNI:		No
WOW64:		Yes
Working dir:	D:\svd\Android\Java\TextApp\.
Requires JDK:	No
Requires 64-Bit: No
Java min ver:	
Java max ver:	
JRE paths:	C:\Program Files\Java\jdk-19
Check launcher:	C:\Program Files\Java\jdk-19\bin\javaw.exe (OK)
Version string: 1.019.000_002 / 64-Bit (OK)
Launcher:	C:\Program Files\Java\jdk-19\bin\javaw.exe
Launcher args:	-jar "D:\svd\Android\Java\TextApp\Eykee.exe"
Args length:	44/32768 chars
Exit code:	0
